# D2D Responder Log
# Started: 2025-12-11T03:40:22.894589Z
# Format: TIMESTAMP	DIRECTION	MESSAGE	HEX
#
2025-12-11T03:40:22.915933Z	EVENT	"IPERF_SERVER_STARTED: port 5201"
2025-12-11T03:40:23.947234Z	EVENT	"IPERF_SERVER_STARTED: port 5201"
2025-12-11T03:40:24.970231Z	EVENT	"IPERF_SERVER_STARTED: port 5201"
2025-12-11T03:40:26.000515Z	EVENT	"IPERF_SERVER_STARTED: port 5201"
2025-12-11T03:40:27.037893Z	EVENT	"IPERF_SERVER_STARTED: port 5201"
2025-12-11T03:40:28.067496Z	EVENT	"IPERF_SERVER_STARTED: port 5201"
2025-12-11T03:40:29.088852Z	EVENT	"IPERF_SERVER_STARTED: port 5201"
2025-12-11T03:40:30.111125Z	EVENT	"IPERF_SERVER_STARTED: port 5201"
2025-12-11T03:40:31.135433Z	EVENT	"IPERF_SERVER_STARTED: port 5201"
2025-12-11T03:40:32.154081Z	EVENT	"IPERF_SERVER_STARTED: port 5201"
2025-12-11T03:40:33.173497Z	EVENT	"IPERF_SERVER_STARTED: port 5201"
2025-12-11T03:40:34.192577Z	EVENT	"IPERF_SERVER_STARTED: port 5201"
2025-12-11T03:40:35.211457Z	EVENT	"IPERF_SERVER_STARTED: port 5201"
2025-12-11T03:40:36.232542Z	EVENT	"IPERF_SERVER_STARTED: port 5201"
2025-12-11T03:40:37.254902Z	EVENT	"IPERF_SERVER_STARTED: port 5201"
2025-12-11T03:40:38.273263Z	EVENT	"IPERF_SERVER_STARTED: port 5201"
2025-12-11T03:40:39.294636Z	EVENT	"IPERF_SERVER_STARTED: port 5201"
2025-12-11T03:40:40.314205Z	EVENT	"IPERF_SERVER_STARTED: port 5201"
2025-12-11T03:40:41.333484Z	EVENT	"IPERF_SERVER_STARTED: port 5201"
